[2026-01-22 13:28:30] [INFO] [logger]: Starting scan_dropzone... (path=01_dropzone)
[2026-01-22 13:28:30] [WARNING] [ingestion]: Failed to load 01_dropzone\daily\722XP-DEC-DailyOrdersSummary_amazon.ae_202601061339.csv with encoding utf-8: Error tokenizing data. C error: Expected 2 fields in line 11, saw 13

[2026-01-22 13:28:30] [WARNING] [ingestion]: Failed to load 01_dropzone\daily\722XP-DEC-DailyOrdersSummary_amazon.ae_202601061339.csv with encoding latin-1: Error tokenizing data. C error: Expected 2 fields in line 11, saw 13

[2026-01-22 13:28:30] [WARNING] [ingestion]: Failed to load 01_dropzone\daily\722XP-DEC-DailyOrdersSummary_amazon.ae_202601061339.csv with encoding cp1252: Error tokenizing data. C error: Expected 2 fields in line 11, saw 13

[2026-01-22 13:28:30] [WARNING] [ingestion]: Failed to load 01_dropzone\daily\722XP-DEC-DailyOrdersSummary_amazon.ae_202601061339.csv with encoding iso-8859-1: Error tokenizing data. C error: Expected 2 fields in line 11, saw 13

[2026-01-22 13:28:30] [ERROR] [ingestion]: Failed to load 01_dropzone\daily\722XP-DEC-DailyOrdersSummary_amazon.ae_202601061339.csv with all attempted encodings
[2026-01-22 13:28:30] [DEBUG] [ingestion]: Skipping empty file: 01_dropzone\daily\722XP-DEC-DailyOrdersSummary_amazon.ae_202601061339.csv
[2026-01-22 13:28:30] [WARNING] [ingestion]: Failed to load 01_dropzone\daily\KY2O0-DEC-DailyOrdersSummary_amazon.ae_202601061341.csv with encoding utf-8: Error tokenizing data. C error: Expected 2 fields in line 11, saw 13

[2026-01-22 13:28:30] [WARNING] [ingestion]: Failed to load 01_dropzone\daily\KY2O0-DEC-DailyOrdersSummary_amazon.ae_202601061341.csv with encoding latin-1: Error tokenizing data. C error: Expected 2 fields in line 11, saw 13

[2026-01-22 13:28:30] [WARNING] [ingestion]: Failed to load 01_dropzone\daily\KY2O0-DEC-DailyOrdersSummary_amazon.ae_202601061341.csv with encoding cp1252: Error tokenizing data. C error: Expected 2 fields in line 11, saw 13

[2026-01-22 13:28:30] [WARNING] [ingestion]: Failed to load 01_dropzone\daily\KY2O0-DEC-DailyOrdersSummary_amazon.ae_202601061341.csv with encoding iso-8859-1: Error tokenizing data. C error: Expected 2 fields in line 11, saw 13

[2026-01-22 13:28:30] [ERROR] [ingestion]: Failed to load 01_dropzone\daily\KY2O0-DEC-DailyOrdersSummary_amazon.ae_202601061341.csv with all attempted encodings
[2026-01-22 13:28:30] [DEBUG] [ingestion]: Skipping empty file: 01_dropzone\daily\KY2O0-DEC-DailyOrdersSummary_amazon.ae_202601061341.csv
[2026-01-22 13:28:30] [WARNING] [ingestion]: Failed to load 01_dropzone\daily\SWM6A-DEC-DailyOrdersSummary_amazon.ae_202601061339.csv with encoding utf-8: Error tokenizing data. C error: Expected 2 fields in line 11, saw 13

[2026-01-22 13:28:30] [WARNING] [ingestion]: Failed to load 01_dropzone\daily\SWM6A-DEC-DailyOrdersSummary_amazon.ae_202601061339.csv with encoding latin-1: Error tokenizing data. C error: Expected 2 fields in line 11, saw 13

[2026-01-22 13:28:30] [WARNING] [ingestion]: Failed to load 01_dropzone\daily\SWM6A-DEC-DailyOrdersSummary_amazon.ae_202601061339.csv with encoding cp1252: Error tokenizing data. C error: Expected 2 fields in line 11, saw 13

[2026-01-22 13:28:30] [WARNING] [ingestion]: Failed to load 01_dropzone\daily\SWM6A-DEC-DailyOrdersSummary_amazon.ae_202601061339.csv with encoding iso-8859-1: Error tokenizing data. C error: Expected 2 fields in line 11, saw 13

[2026-01-22 13:28:30] [ERROR] [ingestion]: Failed to load 01_dropzone\daily\SWM6A-DEC-DailyOrdersSummary_amazon.ae_202601061339.csv with all attempted encodings
[2026-01-22 13:28:30] [DEBUG] [ingestion]: Skipping empty file: 01_dropzone\daily\SWM6A-DEC-DailyOrdersSummary_amazon.ae_202601061339.csv
[2026-01-22 13:28:30] [WARNING] [ingestion]: Failed to load 01_dropzone\daily\T072Y-DEC-DailyOrdersSummary_amazon.ae_202601061336.csv with encoding utf-8: Error tokenizing data. C error: Expected 2 fields in line 11, saw 13

[2026-01-22 13:28:30] [WARNING] [ingestion]: Failed to load 01_dropzone\daily\T072Y-DEC-DailyOrdersSummary_amazon.ae_202601061336.csv with encoding latin-1: Error tokenizing data. C error: Expected 2 fields in line 11, saw 13

[2026-01-22 13:28:30] [WARNING] [ingestion]: Failed to load 01_dropzone\daily\T072Y-DEC-DailyOrdersSummary_amazon.ae_202601061336.csv with encoding cp1252: Error tokenizing data. C error: Expected 2 fields in line 11, saw 13

[2026-01-22 13:28:30] [WARNING] [ingestion]: Failed to load 01_dropzone\daily\T072Y-DEC-DailyOrdersSummary_amazon.ae_202601061336.csv with encoding iso-8859-1: Error tokenizing data. C error: Expected 2 fields in line 11, saw 13

[2026-01-22 13:28:30] [ERROR] [ingestion]: Failed to load 01_dropzone\daily\T072Y-DEC-DailyOrdersSummary_amazon.ae_202601061336.csv with all attempted encodings
[2026-01-22 13:28:30] [DEBUG] [ingestion]: Skipping empty file: 01_dropzone\daily\T072Y-DEC-DailyOrdersSummary_amazon.ae_202601061336.csv
[2026-01-22 13:28:30] [WARNING] [ingestion]: Failed to load 01_dropzone\daily\WJTP1-DEC-DailyOrdersSummary_amazon.ae_202601061339.csv with encoding utf-8: Error tokenizing data. C error: Expected 2 fields in line 11, saw 13

[2026-01-22 13:28:30] [WARNING] [ingestion]: Failed to load 01_dropzone\daily\WJTP1-DEC-DailyOrdersSummary_amazon.ae_202601061339.csv with encoding latin-1: Error tokenizing data. C error: Expected 2 fields in line 11, saw 13

[2026-01-22 13:28:30] [WARNING] [ingestion]: Failed to load 01_dropzone\daily\WJTP1-DEC-DailyOrdersSummary_amazon.ae_202601061339.csv with encoding cp1252: Error tokenizing data. C error: Expected 2 fields in line 11, saw 13

[2026-01-22 13:28:30] [WARNING] [ingestion]: Failed to load 01_dropzone\daily\WJTP1-DEC-DailyOrdersSummary_amazon.ae_202601061339.csv with encoding iso-8859-1: Error tokenizing data. C error: Expected 2 fields in line 11, saw 13

[2026-01-22 13:28:30] [ERROR] [ingestion]: Failed to load 01_dropzone\daily\WJTP1-DEC-DailyOrdersSummary_amazon.ae_202601061339.csv with all attempted encodings
[2026-01-22 13:28:30] [DEBUG] [ingestion]: Skipping empty file: 01_dropzone\daily\WJTP1-DEC-DailyOrdersSummary_amazon.ae_202601061339.csv
[2026-01-22 13:28:30] [INFO] [logger]: Starting normalize_data... (           ASIN  ... IDQ Score(T12M )
0    B01L1QNQEI  ...            98.30
1    B079974J1R  ...    , source_file=01_dropzone\historical\T12M_722XP_brightstar_AE_20)
[2026-01-22 13:28:30] [INFO] [logger]: Completed normalize_data in 0.057 seconds.
[2026-01-22 13:28:30] [INFO] [ingestion]: Processed: 01_dropzone\historical\T12M_722XP_brightstar_AE_2026018-DoNotShareExternally.csv (527 rows)
[2026-01-22 13:28:30] [INFO] [logger]: Starting normalize_data... (           ASIN  ... IDQ Score(T12M )
0    B09P8GQ4TK  ...             92.5
1    B08H321LHY  ...    , source_file=01_dropzone\historical\T12M_KYO02_brightstar_AE_20)
[2026-01-22 13:28:30] [INFO] [logger]: Completed normalize_data in 0.047 seconds.
[2026-01-22 13:28:30] [INFO] [ingestion]: Processed: 01_dropzone\historical\T12M_KYO02_brightstar_AE_2026018-DoNotShareExternally.csv (469 rows)
[2026-01-22 13:28:30] [INFO] [logger]: Starting normalize_data... (            ASIN  ... IDQ Score(T12M )
0     B0881MBW3P  ...            90.00
1     B07BYNX1P6  ... , source_file=01_dropzone\historical\T12M_SWM6A_brightstar_AE_20)
[2026-01-22 13:28:30] [INFO] [logger]: Completed normalize_data in 0.045 seconds.
[2026-01-22 13:28:30] [INFO] [ingestion]: Processed: 01_dropzone\historical\T12M_SWM6A_brightstar_AE_2026018-DoNotShareExternally.csv (1360 rows)
[2026-01-22 13:28:30] [INFO] [logger]: Starting normalize_data... (          ASIN  ... IDQ Score(T12M )
0   B086DV7D1W  ...            83.50
1   B07X5MH1BM  ...       , source_file=01_dropzone\historical\T12M_T072Y_brightstar_AE_20)
[2026-01-22 13:28:30] [INFO] [logger]: Completed normalize_data in 0.050 seconds.
[2026-01-22 13:28:30] [INFO] [ingestion]: Processed: 01_dropzone\historical\T12M_T072Y_brightstar_AE_2026018-DoNotShareExternally.csv (56 rows)
[2026-01-22 13:28:30] [INFO] [logger]: Starting normalize_data... (           ASIN  ... IDQ Score(T12M )
0    B015Y1GLK2  ...            91.20
1    B07MV32JLH  ...    , source_file=01_dropzone\historical\T12M_WJTPX_brightstar_AE_20)
[2026-01-22 13:28:30] [INFO] [logger]: Completed normalize_data in 0.045 seconds.
[2026-01-22 13:28:30] [INFO] [ingestion]: Processed: 01_dropzone\historical\T12M_WJTPX_brightstar_AE_2026018-DoNotShareExternally.csv (440 rows)
[2026-01-22 13:28:30] [INFO] [logger]: Starting normalize_data... (           ASIN  ... Net Ordered Units(Week 52 )
0    B07MQDNJHS  ...                         203
1 , source_file=01_dropzone\weekly\performance\4Y29Z-W49-W52.csv)
[2026-01-22 13:28:30] [INFO] [logger]: Completed normalize_data in 0.064 seconds.
[2026-01-22 13:28:30] [INFO] [ingestion]: Processed: 01_dropzone\weekly\performance\4Y29Z-W49-W52.csv (446 rows)
[2026-01-22 13:28:30] [INFO] [logger]: Starting normalize_data... (           ASIN  ... Net Ordered Units(11/02/2025-11/09/2025)
0    B08H321LHY  ...                  , source_file=01_dropzone\weekly\performance\KY2O0-Nov2-23-2025.)
[2026-01-22 13:28:30] [INFO] [logger]: Completed normalize_data in 0.061 seconds.
[2026-01-22 13:28:30] [INFO] [ingestion]: Processed: 01_dropzone\weekly\performance\KY2O0-Nov2-23-2025.csv (268 rows)
[2026-01-22 13:28:30] [INFO] [logger]: Starting normalize_data... (           ASIN  ... Net Ordered Units(Week 52 )
0    B0054K0R5Y  ...                          33
1 , source_file=01_dropzone\weekly\performance\KY2O0-W49-W52.csv)
[2026-01-22 13:28:30] [INFO] [logger]: Completed normalize_data in 0.062 seconds.
[2026-01-22 13:28:30] [INFO] [ingestion]: Processed: 01_dropzone\weekly\performance\KY2O0-W49-W52.csv (344 rows)
[2026-01-22 13:28:30] [INFO] [logger]: Starting normalize_data... (            ASIN  ... Net Ordered Units(11/02/2025-11/09/2025)
0     B087GJVRRM  ...                , source_file=01_dropzone\weekly\performance\SWM6A-Nov2-23-2025.)
[2026-01-22 13:28:30] [INFO] [logger]: Completed normalize_data in 0.067 seconds.
[2026-01-22 13:28:30] [INFO] [ingestion]: Processed: 01_dropzone\weekly\performance\SWM6A-Nov2-23-2025.csv (1012 rows)
[2026-01-22 13:28:30] [INFO] [logger]: Starting normalize_data... (            ASIN  ... Net Ordered Units(Week 52 )
0     B087GJVRRM  ...                          40
, source_file=01_dropzone\weekly\performance\SWM6A-W49-W52.csv)
[2026-01-22 13:28:30] [INFO] [logger]: Completed normalize_data in 0.074 seconds.
[2026-01-22 13:28:30] [INFO] [ingestion]: Processed: 01_dropzone\weekly\performance\SWM6A-W49-W52.csv (1055 rows)
[2026-01-22 13:28:30] [INFO] [logger]: Starting normalize_data... (          ASIN  ... Net Ordered Units(11/02/2025-11/09/2025)
0   B0BVQBSBV8  ...                    , source_file=01_dropzone\weekly\performance\T072Y-Nov2-23-2025.)
[2026-01-22 13:28:30] [INFO] [logger]: Completed normalize_data in 0.082 seconds.
[2026-01-22 13:28:30] [INFO] [ingestion]: Processed: 01_dropzone\weekly\performance\T072Y-Nov2-23-2025.csv (55 rows)
[2026-01-22 13:28:31] [INFO] [logger]: Starting normalize_data... (          ASIN  ... Net Ordered Units(Week 52 )
0   B07X5MH1BM  ...                          70
1   , source_file=01_dropzone\weekly\performance\T072Y-W49-W52.csv)
[2026-01-22 13:28:31] [INFO] [logger]: Completed normalize_data in 0.087 seconds.
[2026-01-22 13:28:31] [INFO] [ingestion]: Processed: 01_dropzone\weekly\performance\T072Y-W49-W52.csv (55 rows)
[2026-01-22 13:28:31] [INFO] [logger]: Starting normalize_data... (           ASIN  ... Net Ordered Units(11/02/2025-11/09/2025)
0    B015Y1GLK2  ...                  , source_file=01_dropzone\weekly\performance\WJTP1-Nov2-W49-2025)
[2026-01-22 13:28:31] [INFO] [logger]: Completed normalize_data in 0.071 seconds.
[2026-01-22 13:28:31] [INFO] [ingestion]: Processed: 01_dropzone\weekly\performance\WJTP1-Nov2-W49-2025.csv (414 rows)
[2026-01-22 13:28:31] [INFO] [logger]: Starting normalize_data... (           ASIN  ... Net Ordered Units(11/23/2025-11/30/2025)
0    B015Y1GLK2  ...                  , source_file=01_dropzone\weekly\performance\WJTP1-W48-2025.csv)
[2026-01-22 13:28:31] [INFO] [logger]: Completed normalize_data in 0.040 seconds.
[2026-01-22 13:28:31] [INFO] [ingestion]: Processed: 01_dropzone\weekly\performance\WJTP1-W48-2025.csv (407 rows)
[2026-01-22 13:28:31] [INFO] [logger]: Starting normalize_data... (           ASIN  ... Net Ordered Units(Week 52 )
0    B015Y1GLK2  ...                         426
1 , source_file=01_dropzone\weekly\performance\WJTP1-W50-W1.csv)
[2026-01-22 13:28:31] [INFO] [logger]: Completed normalize_data in 0.061 seconds.
[2026-01-22 13:28:31] [INFO] [ingestion]: Processed: 01_dropzone\weekly\performance\WJTP1-W50-W1.csv (434 rows)
[2026-01-22 13:28:31] [INFO] [logger]: Starting normalize_data... (           ASIN  ...    GMS ($)
0    B07WWFF34F  ...     286.92
1    B07YHX3T9F  ...      73.89
2   , source_file=01_dropzone\weekly\ratings\722XP-Ratings-L12W.csv)
[2026-01-22 13:28:31] [INFO] [logger]: Completed normalize_data in 0.023 seconds.
[2026-01-22 13:28:31] [INFO] [ingestion]: Processed: 01_dropzone\weekly\ratings\722XP-Ratings-L12W.csv (234 rows)
[2026-01-22 13:28:31] [INFO] [logger]: Starting normalize_data... (           ASIN  ...   GMS ($)
0    B001BON63M  ...    310.47
1    B0DJXK1XYX  ...    357.53
2    B0, source_file=01_dropzone\weekly\ratings\KY2O0-Ratings-L12W.csv)
[2026-01-22 13:28:31] [INFO] [logger]: Completed normalize_data in 0.021 seconds.
[2026-01-22 13:28:31] [INFO] [ingestion]: Processed: 01_dropzone\weekly\ratings\KY2O0-Ratings-L12W.csv (127 rows)
[2026-01-22 13:28:31] [INFO] [logger]: Starting normalize_data... (           ASIN  ...     GMS ($)
0    B08RYXXH9T  ...    1,061.99
1    B08RYY2YJM  ...      404.07
2, source_file=01_dropzone\weekly\ratings\SWM6A-Ratings-L12W.csv)
[2026-01-22 13:28:31] [INFO] [logger]: Completed normalize_data in 0.019 seconds.
[2026-01-22 13:28:31] [INFO] [ingestion]: Processed: 01_dropzone\weekly\ratings\SWM6A-Ratings-L12W.csv (505 rows)
[2026-01-22 13:28:31] [INFO] [logger]: Starting normalize_data... (          ASIN  ...      GMS ($)
0   B07DLFZW31  ...    67,314.87
1   B086DV7D1W  ...   137,408.46
2, source_file=01_dropzone\weekly\ratings\T072Y-Ratings-L12W.csv)
[2026-01-22 13:28:31] [INFO] [logger]: Completed normalize_data in 0.019 seconds.
[2026-01-22 13:28:31] [INFO] [ingestion]: Processed: 01_dropzone\weekly\ratings\T072Y-Ratings-L12W.csv (44 rows)
[2026-01-22 13:28:31] [INFO] [logger]: Starting normalize_data... (           ASIN  ...      GMS ($)
0    B015Y1GLK2  ...   239,196.49
1    B091VPBF8Q  ...     4,617.8, source_file=01_dropzone\weekly\ratings\WJTP1-Ratings-L12W.csv)
[2026-01-22 13:28:31] [INFO] [logger]: Completed normalize_data in 0.023 seconds.
[2026-01-22 13:28:31] [INFO] [ingestion]: Processed: 01_dropzone\weekly\ratings\WJTP1-Ratings-L12W.csv (369 rows)
[2026-01-22 13:28:31] [INFO] [ingestion]: Dropzone scan complete: 20 files processed, 0 failed, 8621 total rows
[2026-01-22 13:28:31] [INFO] [logger]: Completed scan_dropzone in 1.253 seconds.
[2026-01-22 13:28:31] [INFO] [ingestion]: Loaded vendor map: 00_selection\vendor_map.csv (8 rows)
[2026-01-22 13:28:31] [INFO] [ingestion]: Loaded vendor selection: 00_selection\vendors\AlMaya-selection-central-export.csv (595 rows)
[2026-01-22 13:28:31] [INFO] [ingestion]: Loaded vendor selection: 00_selection\vendors\Champions-selection-central-export.csv (79 rows)
[2026-01-22 13:28:31] [INFO] [ingestion]: Loaded vendor selection: 00_selection\vendors\LinkMax-selection-central-export.csv (1595 rows)
[2026-01-22 13:28:31] [INFO] [ingestion]: Loaded vendor selection: 00_selection\vendors\LinkMax-selection-central-shareable.xlsx (1595 rows)
[2026-01-22 13:28:31] [INFO] [ingestion]: Loaded vendor selection: 00_selection\vendors\McLane-selection-central-export.csv (562 rows)
[2026-01-22 13:28:31] [INFO] [ingestion]: Loaded vendor selection: 00_selection\vendors\WJTowell-selection-central-export.csv (488 rows)
[2026-01-22 13:31:19] [INFO] [logger]: Starting scan_dropzone... (path=01_dropzone)
[2026-01-22 13:31:19] [WARNING] [ingestion]: Failed to load 01_dropzone\daily\722XP-DEC-DailyOrdersSummary_amazon.ae_202601061339.csv with encoding utf-8: Error tokenizing data. C error: Expected 2 fields in line 11, saw 13

[2026-01-22 13:31:19] [WARNING] [ingestion]: Failed to load 01_dropzone\daily\722XP-DEC-DailyOrdersSummary_amazon.ae_202601061339.csv with encoding latin-1: Error tokenizing data. C error: Expected 2 fields in line 11, saw 13

[2026-01-22 13:31:19] [WARNING] [ingestion]: Failed to load 01_dropzone\daily\722XP-DEC-DailyOrdersSummary_amazon.ae_202601061339.csv with encoding cp1252: Error tokenizing data. C error: Expected 2 fields in line 11, saw 13

[2026-01-22 13:31:19] [WARNING] [ingestion]: Failed to load 01_dropzone\daily\722XP-DEC-DailyOrdersSummary_amazon.ae_202601061339.csv with encoding iso-8859-1: Error tokenizing data. C error: Expected 2 fields in line 11, saw 13

[2026-01-22 13:31:19] [ERROR] [ingestion]: Failed to load 01_dropzone\daily\722XP-DEC-DailyOrdersSummary_amazon.ae_202601061339.csv with all attempted encodings
[2026-01-22 13:31:19] [DEBUG] [ingestion]: Skipping empty file: 01_dropzone\daily\722XP-DEC-DailyOrdersSummary_amazon.ae_202601061339.csv
[2026-01-22 13:31:19] [WARNING] [ingestion]: Failed to load 01_dropzone\daily\KY2O0-DEC-DailyOrdersSummary_amazon.ae_202601061341.csv with encoding utf-8: Error tokenizing data. C error: Expected 2 fields in line 11, saw 13

[2026-01-22 13:31:19] [WARNING] [ingestion]: Failed to load 01_dropzone\daily\KY2O0-DEC-DailyOrdersSummary_amazon.ae_202601061341.csv with encoding latin-1: Error tokenizing data. C error: Expected 2 fields in line 11, saw 13

[2026-01-22 13:31:19] [WARNING] [ingestion]: Failed to load 01_dropzone\daily\KY2O0-DEC-DailyOrdersSummary_amazon.ae_202601061341.csv with encoding cp1252: Error tokenizing data. C error: Expected 2 fields in line 11, saw 13

[2026-01-22 13:31:19] [WARNING] [ingestion]: Failed to load 01_dropzone\daily\KY2O0-DEC-DailyOrdersSummary_amazon.ae_202601061341.csv with encoding iso-8859-1: Error tokenizing data. C error: Expected 2 fields in line 11, saw 13

[2026-01-22 13:31:19] [ERROR] [ingestion]: Failed to load 01_dropzone\daily\KY2O0-DEC-DailyOrdersSummary_amazon.ae_202601061341.csv with all attempted encodings
[2026-01-22 13:31:19] [DEBUG] [ingestion]: Skipping empty file: 01_dropzone\daily\KY2O0-DEC-DailyOrdersSummary_amazon.ae_202601061341.csv
[2026-01-22 13:31:19] [WARNING] [ingestion]: Failed to load 01_dropzone\daily\SWM6A-DEC-DailyOrdersSummary_amazon.ae_202601061339.csv with encoding utf-8: Error tokenizing data. C error: Expected 2 fields in line 11, saw 13

[2026-01-22 13:31:19] [WARNING] [ingestion]: Failed to load 01_dropzone\daily\SWM6A-DEC-DailyOrdersSummary_amazon.ae_202601061339.csv with encoding latin-1: Error tokenizing data. C error: Expected 2 fields in line 11, saw 13

[2026-01-22 13:31:19] [WARNING] [ingestion]: Failed to load 01_dropzone\daily\SWM6A-DEC-DailyOrdersSummary_amazon.ae_202601061339.csv with encoding cp1252: Error tokenizing data. C error: Expected 2 fields in line 11, saw 13

[2026-01-22 13:31:19] [WARNING] [ingestion]: Failed to load 01_dropzone\daily\SWM6A-DEC-DailyOrdersSummary_amazon.ae_202601061339.csv with encoding iso-8859-1: Error tokenizing data. C error: Expected 2 fields in line 11, saw 13

[2026-01-22 13:31:19] [ERROR] [ingestion]: Failed to load 01_dropzone\daily\SWM6A-DEC-DailyOrdersSummary_amazon.ae_202601061339.csv with all attempted encodings
[2026-01-22 13:31:19] [DEBUG] [ingestion]: Skipping empty file: 01_dropzone\daily\SWM6A-DEC-DailyOrdersSummary_amazon.ae_202601061339.csv
[2026-01-22 13:31:19] [WARNING] [ingestion]: Failed to load 01_dropzone\daily\T072Y-DEC-DailyOrdersSummary_amazon.ae_202601061336.csv with encoding utf-8: Error tokenizing data. C error: Expected 2 fields in line 11, saw 13

[2026-01-22 13:31:19] [WARNING] [ingestion]: Failed to load 01_dropzone\daily\T072Y-DEC-DailyOrdersSummary_amazon.ae_202601061336.csv with encoding latin-1: Error tokenizing data. C error: Expected 2 fields in line 11, saw 13

[2026-01-22 13:31:19] [WARNING] [ingestion]: Failed to load 01_dropzone\daily\T072Y-DEC-DailyOrdersSummary_amazon.ae_202601061336.csv with encoding cp1252: Error tokenizing data. C error: Expected 2 fields in line 11, saw 13

[2026-01-22 13:31:19] [WARNING] [ingestion]: Failed to load 01_dropzone\daily\T072Y-DEC-DailyOrdersSummary_amazon.ae_202601061336.csv with encoding iso-8859-1: Error tokenizing data. C error: Expected 2 fields in line 11, saw 13

[2026-01-22 13:31:19] [ERROR] [ingestion]: Failed to load 01_dropzone\daily\T072Y-DEC-DailyOrdersSummary_amazon.ae_202601061336.csv with all attempted encodings
[2026-01-22 13:31:19] [DEBUG] [ingestion]: Skipping empty file: 01_dropzone\daily\T072Y-DEC-DailyOrdersSummary_amazon.ae_202601061336.csv
[2026-01-22 13:31:19] [WARNING] [ingestion]: Failed to load 01_dropzone\daily\WJTP1-DEC-DailyOrdersSummary_amazon.ae_202601061339.csv with encoding utf-8: Error tokenizing data. C error: Expected 2 fields in line 11, saw 13

[2026-01-22 13:31:19] [WARNING] [ingestion]: Failed to load 01_dropzone\daily\WJTP1-DEC-DailyOrdersSummary_amazon.ae_202601061339.csv with encoding latin-1: Error tokenizing data. C error: Expected 2 fields in line 11, saw 13

[2026-01-22 13:31:19] [WARNING] [ingestion]: Failed to load 01_dropzone\daily\WJTP1-DEC-DailyOrdersSummary_amazon.ae_202601061339.csv with encoding cp1252: Error tokenizing data. C error: Expected 2 fields in line 11, saw 13

[2026-01-22 13:31:19] [WARNING] [ingestion]: Failed to load 01_dropzone\daily\WJTP1-DEC-DailyOrdersSummary_amazon.ae_202601061339.csv with encoding iso-8859-1: Error tokenizing data. C error: Expected 2 fields in line 11, saw 13

[2026-01-22 13:31:19] [ERROR] [ingestion]: Failed to load 01_dropzone\daily\WJTP1-DEC-DailyOrdersSummary_amazon.ae_202601061339.csv with all attempted encodings
[2026-01-22 13:31:19] [DEBUG] [ingestion]: Skipping empty file: 01_dropzone\daily\WJTP1-DEC-DailyOrdersSummary_amazon.ae_202601061339.csv
[2026-01-22 13:31:19] [INFO] [logger]: Starting normalize_data... (           ASIN    Brand Name  ...  Customer Returns($)(T12M )  IDQ Score(T12M )
0    B01L1QNQEI    , source_file=01_dropzone\historical\T12M_722XP_brightstar_AE_20)
[2026-01-22 13:31:19] [INFO] [logger]: Completed normalize_data in 0.025 seconds.
[2026-01-22 13:31:19] [INFO] [ingestion]: Processed: 01_dropzone\historical\T12M_722XP_brightstar_AE_2026018-DoNotShareExternally.csv (527 rows)
[2026-01-22 13:31:19] [INFO] [logger]: Starting normalize_data... (           ASIN     Brand Name  ...  Customer Returns($)(T12M )  IDQ Score(T12M )
0    B09P8GQ4TK   , source_file=01_dropzone\historical\T12M_KYO02_brightstar_AE_20)
[2026-01-22 13:31:19] [INFO] [logger]: Completed normalize_data in 0.020 seconds.
[2026-01-22 13:31:19] [INFO] [ingestion]: Processed: 01_dropzone\historical\T12M_KYO02_brightstar_AE_2026018-DoNotShareExternally.csv (469 rows)
[2026-01-22 13:31:19] [INFO] [logger]: Starting normalize_data... (            ASIN   Brand Name  ...  Customer Returns($)(T12M )  IDQ Score(T12M )
0     B0881MBW3P   , source_file=01_dropzone\historical\T12M_SWM6A_brightstar_AE_20)
[2026-01-22 13:31:19] [INFO] [logger]: Completed normalize_data in 0.027 seconds.
[2026-01-22 13:31:19] [INFO] [ingestion]: Processed: 01_dropzone\historical\T12M_SWM6A_brightstar_AE_2026018-DoNotShareExternally.csv (1360 rows)
[2026-01-22 13:31:19] [INFO] [logger]: Starting normalize_data... (          ASIN  ... IDQ Score(T12M )
0   B086DV7D1W  ...            83.50
1   B07X5MH1BM  ...       , source_file=01_dropzone\historical\T12M_T072Y_brightstar_AE_20)
[2026-01-22 13:31:19] [INFO] [logger]: Completed normalize_data in 0.022 seconds.
[2026-01-22 13:31:19] [INFO] [ingestion]: Processed: 01_dropzone\historical\T12M_T072Y_brightstar_AE_2026018-DoNotShareExternally.csv (56 rows)
[2026-01-22 13:31:19] [INFO] [logger]: Starting normalize_data... (           ASIN       Brand Name  ...  Customer Returns($)(T12M )  IDQ Score(T12M )
0    B015Y1GLK2 , source_file=01_dropzone\historical\T12M_WJTPX_brightstar_AE_20)
[2026-01-22 13:31:19] [INFO] [logger]: Completed normalize_data in 0.019 seconds.
[2026-01-22 13:31:19] [INFO] [ingestion]: Processed: 01_dropzone\historical\T12M_WJTPX_brightstar_AE_2026018-DoNotShareExternally.csv (440 rows)
[2026-01-22 13:31:19] [INFO] [logger]: Starting normalize_data... (           ASIN  ... Net Ordered Units(Week 52 )
0    B07MQDNJHS  ...                         203
1 , source_file=01_dropzone\weekly\performance\4Y29Z-W49-W52.csv)
[2026-01-22 13:31:19] [INFO] [logger]: Completed normalize_data in 0.037 seconds.
[2026-01-22 13:31:19] [INFO] [ingestion]: Processed: 01_dropzone\weekly\performance\4Y29Z-W49-W52.csv (446 rows)
[2026-01-22 13:31:20] [INFO] [logger]: Starting normalize_data... (           ASIN  ... Net Ordered Units(11/02/2025-11/09/2025)
0    B08H321LHY  ...                  , source_file=01_dropzone\weekly\performance\KY2O0-Nov2-23-2025.)
[2026-01-22 13:31:20] [INFO] [logger]: Completed normalize_data in 0.038 seconds.
[2026-01-22 13:31:20] [INFO] [ingestion]: Processed: 01_dropzone\weekly\performance\KY2O0-Nov2-23-2025.csv (268 rows)
[2026-01-22 13:31:20] [INFO] [logger]: Starting normalize_data... (           ASIN  ... Net Ordered Units(Week 52 )
0    B0054K0R5Y  ...                          33
1 , source_file=01_dropzone\weekly\performance\KY2O0-W49-W52.csv)
[2026-01-22 13:31:20] [INFO] [logger]: Completed normalize_data in 0.044 seconds.
[2026-01-22 13:31:20] [INFO] [ingestion]: Processed: 01_dropzone\weekly\performance\KY2O0-W49-W52.csv (344 rows)
[2026-01-22 13:31:20] [INFO] [logger]: Starting normalize_data... (            ASIN  ... Net Ordered Units(11/02/2025-11/09/2025)
0     B087GJVRRM  ...                , source_file=01_dropzone\weekly\performance\SWM6A-Nov2-23-2025.)
[2026-01-22 13:31:20] [INFO] [logger]: Completed normalize_data in 0.061 seconds.
[2026-01-22 13:31:20] [INFO] [ingestion]: Processed: 01_dropzone\weekly\performance\SWM6A-Nov2-23-2025.csv (1012 rows)
[2026-01-22 13:31:20] [INFO] [logger]: Starting normalize_data... (            ASIN  ... Net Ordered Units(Week 52 )
0     B087GJVRRM  ...                          40
, source_file=01_dropzone\weekly\performance\SWM6A-W49-W52.csv)
[2026-01-22 13:31:20] [INFO] [logger]: Completed normalize_data in 0.056 seconds.
[2026-01-22 13:31:20] [INFO] [ingestion]: Processed: 01_dropzone\weekly\performance\SWM6A-W49-W52.csv (1055 rows)
[2026-01-22 13:31:20] [INFO] [logger]: Starting normalize_data... (          ASIN  ... Net Ordered Units(11/02/2025-11/09/2025)
0   B0BVQBSBV8  ...                    , source_file=01_dropzone\weekly\performance\T072Y-Nov2-23-2025.)
[2026-01-22 13:31:20] [INFO] [logger]: Completed normalize_data in 0.070 seconds.
[2026-01-22 13:31:20] [INFO] [ingestion]: Processed: 01_dropzone\weekly\performance\T072Y-Nov2-23-2025.csv (55 rows)
[2026-01-22 13:31:20] [INFO] [logger]: Starting normalize_data... (          ASIN  ... Net Ordered Units(Week 52 )
0   B07X5MH1BM  ...                          70
1   , source_file=01_dropzone\weekly\performance\T072Y-W49-W52.csv)
[2026-01-22 13:31:20] [INFO] [logger]: Completed normalize_data in 0.071 seconds.
[2026-01-22 13:31:20] [INFO] [ingestion]: Processed: 01_dropzone\weekly\performance\T072Y-W49-W52.csv (55 rows)
[2026-01-22 13:31:20] [INFO] [logger]: Starting normalize_data... (           ASIN  ... Net Ordered Units(11/02/2025-11/09/2025)
0    B015Y1GLK2  ...                  , source_file=01_dropzone\weekly\performance\WJTP1-Nov2-W49-2025)
[2026-01-22 13:31:20] [INFO] [logger]: Completed normalize_data in 0.050 seconds.
[2026-01-22 13:31:20] [INFO] [ingestion]: Processed: 01_dropzone\weekly\performance\WJTP1-Nov2-W49-2025.csv (414 rows)
[2026-01-22 13:31:20] [INFO] [logger]: Starting normalize_data... (           ASIN  ... Net Ordered Units(11/23/2025-11/30/2025)
0    B015Y1GLK2  ...                  , source_file=01_dropzone\weekly\performance\WJTP1-W48-2025.csv)
[2026-01-22 13:31:20] [INFO] [logger]: Completed normalize_data in 0.026 seconds.
[2026-01-22 13:31:20] [INFO] [ingestion]: Processed: 01_dropzone\weekly\performance\WJTP1-W48-2025.csv (407 rows)
[2026-01-22 13:31:20] [INFO] [logger]: Starting normalize_data... (           ASIN  ... Net Ordered Units(Week 52 )
0    B015Y1GLK2  ...                         426
1 , source_file=01_dropzone\weekly\performance\WJTP1-W50-W1.csv)
[2026-01-22 13:31:20] [INFO] [logger]: Completed normalize_data in 0.047 seconds.
[2026-01-22 13:31:20] [INFO] [ingestion]: Processed: 01_dropzone\weekly\performance\WJTP1-W50-W1.csv (434 rows)
[2026-01-22 13:31:20] [INFO] [logger]: Starting normalize_data... (           ASIN Customer review count  ...          GL Description    GMS ($)
0    B07WWFF34F       , source_file=01_dropzone\weekly\ratings\722XP-Ratings-L12W.csv)
[2026-01-22 13:31:20] [INFO] [logger]: Completed normalize_data in 0.011 seconds.
[2026-01-22 13:31:20] [INFO] [ingestion]: Processed: 01_dropzone\weekly\ratings\722XP-Ratings-L12W.csv (234 rows)
[2026-01-22 13:31:20] [INFO] [logger]: Starting normalize_data... (           ASIN Customer review count  ...  GL Description   GMS ($)
0    B001BON63M                , source_file=01_dropzone\weekly\ratings\KY2O0-Ratings-L12W.csv)
[2026-01-22 13:31:20] [INFO] [logger]: Completed normalize_data in 0.014 seconds.
[2026-01-22 13:31:20] [INFO] [ingestion]: Processed: 01_dropzone\weekly\ratings\KY2O0-Ratings-L12W.csv (127 rows)
[2026-01-22 13:31:20] [INFO] [logger]: Starting normalize_data... (           ASIN Customer review count  ...  GL Description     GMS ($)
0    B08RYXXH9T              , source_file=01_dropzone\weekly\ratings\SWM6A-Ratings-L12W.csv)
[2026-01-22 13:31:20] [INFO] [logger]: Completed normalize_data in 0.013 seconds.
[2026-01-22 13:31:20] [INFO] [ingestion]: Processed: 01_dropzone\weekly\ratings\SWM6A-Ratings-L12W.csv (505 rows)
[2026-01-22 13:31:20] [INFO] [logger]: Starting normalize_data... (          ASIN Customer review count  ...          GL Description      GMS ($)
0   B07DLFZW31       , source_file=01_dropzone\weekly\ratings\T072Y-Ratings-L12W.csv)
[2026-01-22 13:31:20] [INFO] [logger]: Completed normalize_data in 0.015 seconds.
[2026-01-22 13:31:20] [INFO] [ingestion]: Processed: 01_dropzone\weekly\ratings\T072Y-Ratings-L12W.csv (44 rows)
[2026-01-22 13:31:20] [INFO] [logger]: Starting normalize_data... (           ASIN Customer review count  ...  GL Description      GMS ($)
0    B015Y1GLK2             , source_file=01_dropzone\weekly\ratings\WJTP1-Ratings-L12W.csv)
[2026-01-22 13:31:20] [INFO] [logger]: Completed normalize_data in 0.014 seconds.
[2026-01-22 13:31:20] [INFO] [ingestion]: Processed: 01_dropzone\weekly\ratings\WJTP1-Ratings-L12W.csv (369 rows)
[2026-01-22 13:31:20] [INFO] [ingestion]: Dropzone scan complete: 20 files processed, 0 failed, 8621 total rows
[2026-01-22 13:31:20] [INFO] [logger]: Completed scan_dropzone in 0.828 seconds.
[2026-01-22 13:31:20] [INFO] [ingestion]: Loaded vendor map: 00_selection\vendor_map.csv (8 rows)
[2026-01-22 13:31:20] [INFO] [ingestion]: Loaded vendor selection: 00_selection\vendors\AlMaya-selection-central-export.csv (595 rows)
[2026-01-22 13:31:20] [INFO] [ingestion]: Loaded vendor selection: 00_selection\vendors\Champions-selection-central-export.csv (79 rows)
[2026-01-22 13:31:20] [INFO] [ingestion]: Loaded vendor selection: 00_selection\vendors\LinkMax-selection-central-export.csv (1595 rows)
[2026-01-22 13:31:20] [INFO] [ingestion]: Loaded vendor selection: 00_selection\vendors\LinkMax-selection-central-shareable.xlsx (1595 rows)
[2026-01-22 13:31:21] [INFO] [ingestion]: Loaded vendor selection: 00_selection\vendors\McLane-selection-central-export.csv (562 rows)
[2026-01-22 13:31:21] [INFO] [ingestion]: Loaded vendor selection: 00_selection\vendors\WJTowell-selection-central-export.csv (488 rows)
[2026-01-22 13:31:21] [INFO] [logger]: Starting calculate_metrics... (<_duckdb.DuckDBPyConnection object at 0x000001E6E903ED70>)
[2026-01-22 13:31:21] [INFO] [logger]: Completed calculate_metrics in 0.079 seconds.
